TN:
SF:/Users/Swing/github/uxcore-cascade-multi-select/src/CascadeMultiModal.jsx
FN:7,(anonymous_1)
FN:41,_interopRequireDefault
FN:43,_defaults
FN:45,_classCallCheck
FN:47,_possibleConstructorReturn
FN:49,_inherits
FN:58,(anonymous_7)
FN:61,CascadeMultiModal
FN:81,componentWillMount
FN:89,onOk
FN:107,onCancel
FN:120,(anonymous_12)
FN:125,onSelect
FN:135,(anonymous_14)
FN:140,onDelete
FN:152,onExpand
FN:158,getSelectResult
FN:177,initResult
FN:189,renderDialog
FN:213,onOk
FN:216,onCancel
FN:224,renderContent
FN:237,onSelect
FN:240,ref
FN:248,renderResult
FN:261,renderExpand
FN:279,onClick
FN:290,onClick
FN:302,renderResultList
FN:321,(anonymous_30)
FN:332,onClick
FN:348,render
FN:360,onClick
FN:384,onSelect
FN:388,onOk
FN:389,onCancel
FNF:36
FNH:27
FNDA:3,(anonymous_1)
FNDA:8,_interopRequireDefault
FNDA:1,_defaults
FNDA:3,_classCallCheck
FNDA:3,_possibleConstructorReturn
FNDA:1,_inherits
FNDA:1,(anonymous_7)
FNDA:3,CascadeMultiModal
FNDA:3,componentWillMount
FNDA:1,onOk
FNDA:0,onCancel
FNDA:0,(anonymous_12)
FNDA:1,onSelect
FNDA:1,(anonymous_14)
FNDA:1,onDelete
FNDA:0,onExpand
FNDA:8,getSelectResult
FNDA:4,initResult
FNDA:8,renderDialog
FNDA:0,onOk
FNDA:0,onCancel
FNDA:3,renderContent
FNDA:1,onSelect
FNDA:6,ref
FNDA:8,renderResult
FNDA:8,renderExpand
FNDA:0,onClick
FNDA:0,onClick
FNDA:8,renderResultList
FNDA:4,(anonymous_30)
FNDA:1,onClick
FNDA:8,render
FNDA:1,onClick
FNDA:1,onSelect
FNDA:0,onOk
FNDA:0,onCancel
DA:3,1
DA:7,57
DA:9,1
DA:11,1
DA:13,1
DA:15,1
DA:17,1
DA:19,1
DA:21,1
DA:23,1
DA:25,1
DA:27,1
DA:29,1
DA:31,1
DA:33,1
DA:35,1
DA:37,1
DA:39,1
DA:41,8
DA:43,5
DA:45,3
DA:47,3
DA:49,1
DA:58,1
DA:59,1
DA:61,1
DA:62,3
DA:64,3
DA:66,3
DA:73,3
DA:78,3
DA:81,1
DA:82,3
DA:86,3
DA:89,1
DA:90,1
DA:94,1
DA:98,1
DA:103,1
DA:104,1
DA:107,1
DA:108,0
DA:110,0
DA:115,0
DA:121,0
DA:125,1
DA:126,1
DA:128,1
DA:136,1
DA:140,1
DA:141,1
DA:142,1
DA:144,1
DA:145,1
DA:146,1
DA:148,1
DA:149,1
DA:152,1
DA:153,0
DA:158,1
DA:159,8
DA:160,8
DA:161,14
DA:162,14
DA:163,8
DA:165,6
DA:166,2
DA:167,2
DA:168,2
DA:170,6
DA:171,4
DA:177,1
DA:178,4
DA:179,4
DA:180,4
DA:181,4
DA:182,4
DA:183,4
DA:189,1
DA:190,8
DA:192,8
DA:198,8
DA:200,8
DA:201,5
DA:204,3
DA:205,3
DA:214,0
DA:217,0
DA:224,1
DA:225,3
DA:227,3
DA:231,3
DA:238,1
DA:241,6
DA:248,1
DA:249,8
DA:251,8
DA:261,1
DA:262,8
DA:264,8
DA:267,8
DA:268,8
DA:270,8
DA:271,4
DA:273,4
DA:274,4
DA:275,4
DA:280,0
DA:286,0
DA:291,0
DA:299,4
DA:302,1
DA:303,8
DA:305,8
DA:306,8
DA:307,8
DA:311,8
DA:312,0
DA:314,8
DA:315,8
DA:316,8
DA:317,8
DA:319,0
DA:321,8
DA:322,4
DA:333,1
DA:338,8
DA:348,1
DA:349,8
DA:351,8
DA:353,8
DA:361,1
DA:371,1
DA:374,1
DA:392,1
DA:410,1
DA:411,1
LF:137
LH:125
BRDA:7,1,0,1
BRDA:7,1,1,1
BRDA:7,2,0,57
BRDA:7,2,1,0
BRDA:41,3,0,0
BRDA:41,3,1,8
BRDA:41,4,0,8
BRDA:41,4,1,8
BRDA:43,5,0,0
BRDA:43,5,1,5
BRDA:43,6,0,5
BRDA:43,6,1,5
BRDA:43,6,2,0
BRDA:45,7,0,0
BRDA:45,7,1,3
BRDA:47,8,0,0
BRDA:47,8,1,3
BRDA:47,9,0,0
BRDA:47,9,1,3
BRDA:47,10,0,3
BRDA:47,10,1,0
BRDA:47,10,2,0
BRDA:49,11,0,0
BRDA:49,11,1,1
BRDA:49,12,0,1
BRDA:49,12,1,0
BRDA:49,13,0,1
BRDA:49,13,1,1
BRDA:49,14,0,1
BRDA:49,14,1,0
BRDA:49,15,0,0
BRDA:49,15,1,1
BRDA:145,16,0,1
BRDA:145,16,1,0
BRDA:159,17,0,8
BRDA:159,17,1,0
BRDA:159,18,0,8
BRDA:159,18,1,8
BRDA:162,19,0,8
BRDA:162,19,1,6
BRDA:165,20,0,2
BRDA:165,20,1,4
BRDA:170,21,0,4
BRDA:170,21,1,2
BRDA:200,22,0,5
BRDA:200,22,1,3
BRDA:204,23,0,3
BRDA:204,23,1,3
BRDA:209,24,0,3
BRDA:209,24,1,3
BRDA:270,25,0,4
BRDA:270,25,1,4
BRDA:270,26,0,8
BRDA:270,26,1,8
BRDA:274,27,0,4
BRDA:274,27,1,0
BRDA:311,28,0,0
BRDA:311,28,1,8
BRDA:316,29,0,8
BRDA:316,29,1,0
BRF:60
BRH:42
end_of_record
TN:
SF:/Users/Swing/github/uxcore-cascade-multi-select/src/CascadeMultiPanel.jsx
FN:25,_interopRequireDefault
FN:27,_defaults
FN:29,_defineProperty
FN:31,_classCallCheck
FN:33,_possibleConstructorReturn
FN:35,_inherits
FN:44,(anonymous_7)
FN:47,CascadeMulti
FN:60,componentDidMount
FN:70,componentWillReceiveProps
FN:82,onItemClick
FN:104,onItemChecked
FN:133,(anonymous_13)
FN:143,onCleanSelect
FN:149,onSelect
FN:159,(anonymous_16)
FN:173,onTriggerNode
FN:188,onDeleteItem
FN:214,getSelectResult
FN:220,(anonymous_20)
FN:240,getAllLeafNode
FN:246,(anonymous_22)
FN:264,getNums
FN:268,(anonymous_24)
FN:289,getTreeNodeData
FN:325,getBotherCheckedState
FN:356,setData
FN:395,setChildrenChecked
FN:425,setFatherCheckState
FN:449,setSelectResult
FN:462,setCleanResult
FN:468,recursion
FN:484,(anonymous_33)
FN:513,setPanelWidth
FN:523,renderUlList
FN:541,ref
FN:557,ref
FN:574,renderListItems
FN:586,(anonymous_39)
FN:599,onClick
FN:616,onClick
FN:634,renderResult
FN:646,ref
FN:660,onClick
FN:676,renderResultNums
FN:698,renderResultTree
FN:716,renderTreeListNode
FN:725,(anonymous_48)
FN:744,ref
FN:749,onClick
FN:781,onClick
FN:809,renderExpand
FN:820,render
FN:838,onClick
FN:871,onSelect
FN:872,onItemClick
FNF:56
FNH:51
FNDA:5,_interopRequireDefault
FNDA:1,_defaults
FNDA:1040,_defineProperty
FNDA:13,_classCallCheck
FNDA:13,_possibleConstructorReturn
FNDA:1,_inherits
FNDA:1,(anonymous_7)
FNDA:13,CascadeMulti
FNDA:13,componentDidMount
FNDA:10,componentWillReceiveProps
FNDA:6,onItemClick
FNDA:5,onItemChecked
FNDA:5,(anonymous_13)
FNDA:2,onCleanSelect
FNDA:2,onSelect
FNDA:0,(anonymous_16)
FNDA:1,onTriggerNode
FNDA:0,onDeleteItem
FNDA:9,getSelectResult
FNDA:32,(anonymous_20)
FNDA:21,getAllLeafNode
FNDA:48,(anonymous_22)
FNDA:110,getNums
FNDA:250,(anonymous_24)
FNDA:653,getTreeNodeData
FNDA:26,getBotherCheckedState
FNDA:23,setData
FNDA:43,setChildrenChecked
FNDA:42,setFatherCheckState
FNDA:5,setSelectResult
FNDA:25,setCleanResult
FNDA:300,recursion
FNDA:0,(anonymous_33)
FNDA:45,setPanelWidth
FNDA:135,renderUlList
FNDA:72,ref
FNDA:150,ref
FNDA:96,renderListItems
FNDA:172,(anonymous_39)
FNDA:6,onClick
FNDA:5,onClick
FNDA:45,renderResult
FNDA:74,ref
FNDA:2,onClick
FNDA:45,renderResultNums
FNDA:45,renderResultTree
FNDA:108,renderTreeListNode
FNDA:244,(anonymous_48)
FNDA:173,ref
FNDA:1,onClick
FNDA:0,onClick
FNDA:103,renderExpand
FNDA:45,render
FNDA:8,onClick
FNDA:0,onSelect
FNDA:2,onItemClick
DA:3,1
DA:5,1
DA:7,1
DA:9,1
DA:11,1
DA:13,1
DA:15,1
DA:17,1
DA:19,1
DA:21,1
DA:23,1
DA:25,5
DA:27,5
DA:29,1040
DA:31,13
DA:33,13
DA:35,1
DA:44,1
DA:45,1
DA:47,1
DA:48,13
DA:50,13
DA:52,13
DA:56,13
DA:57,13
DA:60,1
DA:61,13
DA:65,13
DA:66,13
DA:70,1
DA:71,10
DA:74,10
DA:82,1
DA:83,6
DA:85,6
DA:86,5
DA:88,6
DA:89,6
DA:90,6
DA:96,6
DA:104,1
DA:105,5
DA:107,5
DA:108,5
DA:110,5
DA:111,5
DA:113,5
DA:114,5
DA:115,5
DA:117,5
DA:118,5
DA:120,5
DA:122,2
DA:123,2
DA:124,2
DA:125,2
DA:126,2
DA:127,2
DA:129,3
DA:131,0
DA:133,5
DA:134,5
DA:143,1
DA:144,2
DA:145,2
DA:147,2
DA:150,2
DA:151,1
DA:153,1
DA:157,1
DA:158,1
DA:159,1
DA:160,0
DA:161,0
DA:163,1
DA:173,1
DA:174,1
DA:176,1
DA:177,1
DA:179,1
DA:180,1
DA:188,1
DA:189,0
DA:191,0
DA:192,0
DA:194,0
DA:195,0
DA:196,0
DA:197,0
DA:199,0
DA:200,0
DA:202,0
DA:214,1
DA:215,9
DA:217,9
DA:219,9
DA:220,9
DA:221,32
DA:222,9
DA:223,9
DA:224,9
DA:226,32
DA:227,4
DA:232,4
DA:233,4
DA:237,9
DA:240,1
DA:241,21
DA:243,21
DA:245,21
DA:246,21
DA:247,48
DA:248,16
DA:249,32
DA:250,13
DA:256,21
DA:264,1
DA:265,110
DA:267,110
DA:268,93
DA:269,250
DA:270,106
DA:271,106
DA:272,65
DA:274,41
DA:289,1
DA:290,653
DA:292,653
DA:293,653
DA:294,82
DA:296,571
DA:297,535
DA:298,878
DA:299,878
DA:300,0
DA:302,878
DA:303,86
DA:308,792
DA:309,485
DA:310,485
DA:314,485
DA:325,1
DA:326,26
DA:327,26
DA:328,26
DA:330,36
DA:331,3
DA:332,2
DA:333,2
DA:338,33
DA:339,22
DA:340,22
DA:345,26
DA:356,1
DA:357,23
DA:359,23
DA:360,23
DA:361,23
DA:362,23
DA:363,23
DA:364,24
DA:365,24
DA:366,24
DA:367,22
DA:370,22
DA:371,22
DA:372,13
DA:374,22
DA:375,14
DA:381,23
DA:382,23
DA:385,23
DA:395,1
DA:396,43
DA:398,43
DA:399,43
DA:400,38
DA:401,56
DA:402,56
DA:403,3
DA:404,2
DA:407,53
DA:408,53
DA:409,53
DA:410,25
DA:415,43
DA:425,1
DA:426,42
DA:428,42
DA:429,42
DA:431,42
DA:432,26
DA:433,26
DA:434,24
DA:435,24
DA:437,2
DA:438,2
DA:440,26
DA:449,1
DA:450,5
DA:451,5
DA:452,5
DA:453,5
DA:454,5
DA:462,1
DA:463,25
DA:465,25
DA:467,25
DA:468,25
DA:469,300
DA:470,300
DA:471,300
DA:473,300
DA:475,275
DA:476,475
DA:477,475
DA:478,475
DA:479,475
DA:480,475
DA:481,475
DA:483,475
DA:484,0
DA:485,0
DA:487,0
DA:489,475
DA:492,475
DA:493,475
DA:494,275
DA:496,475
DA:497,425
DA:503,25
DA:505,25
DA:513,1
DA:514,45
DA:515,45
DA:523,1
DA:524,135
DA:526,135
DA:527,135
DA:531,135
DA:535,135
DA:536,39
DA:542,72
DA:546,96
DA:547,96
DA:548,96
DA:549,96
DA:550,96
DA:558,150
DA:574,1
DA:575,96
DA:577,96
DA:581,96
DA:583,96
DA:585,96
DA:586,96
DA:587,172
DA:590,172
DA:591,11
DA:593,172
DA:600,6
DA:617,5
DA:618,5
DA:626,96
DA:634,1
DA:635,45
DA:637,45
DA:642,45
DA:647,74
DA:661,2
DA:676,1
DA:677,45
DA:680,45
DA:682,45
DA:683,45
DA:684,45
DA:698,1
DA:699,45
DA:700,45
DA:702,45
DA:716,1
DA:717,108
DA:719,108
DA:723,108
DA:724,108
DA:725,91
DA:726,244
DA:728,103
DA:730,103
DA:732,103
DA:733,103
DA:734,103
DA:735,97
DA:737,103
DA:745,173
DA:750,1
DA:751,1
DA:782,0
DA:783,0
DA:795,108
DA:809,1
DA:810,103
DA:811,103
DA:812,60
DA:815,43
DA:817,103
DA:820,1
DA:821,45
DA:827,45
DA:828,45
DA:829,45
DA:830,135
DA:831,135
DA:833,45
DA:834,45
DA:839,8
DA:847,45
DA:848,8
DA:855,37
DA:858,1
DA:861,1
DA:878,1
DA:895,1
DA:897,1
LF:324
LH:305
BRDA:25,1,0,0
BRDA:25,1,1,5
BRDA:25,2,0,5
BRDA:25,2,1,5
BRDA:27,3,0,0
BRDA:27,3,1,5
BRDA:27,4,0,5
BRDA:27,4,1,5
BRDA:27,4,2,0
BRDA:29,5,0,0
BRDA:29,5,1,1040
BRDA:31,6,0,0
BRDA:31,6,1,13
BRDA:33,7,0,0
BRDA:33,7,1,13
BRDA:33,8,0,0
BRDA:33,8,1,13
BRDA:33,9,0,13
BRDA:33,9,1,0
BRDA:33,9,2,0
BRDA:35,10,0,0
BRDA:35,10,1,1
BRDA:35,11,0,1
BRDA:35,11,1,0
BRDA:35,12,0,1
BRDA:35,12,1,1
BRDA:35,13,0,1
BRDA:35,13,1,0
BRDA:35,14,0,0
BRDA:35,14,1,1
BRDA:65,15,0,13
BRDA:65,15,1,0
BRDA:85,16,0,5
BRDA:85,16,1,1
BRDA:89,17,0,6
BRDA:89,17,1,0
BRDA:117,18,0,5
BRDA:117,18,1,0
BRDA:120,19,0,2
BRDA:120,19,1,3
BRDA:120,20,0,5
BRDA:120,20,1,5
BRDA:129,21,0,0
BRDA:129,21,1,3
BRDA:150,22,0,1
BRDA:150,22,1,1
BRDA:196,23,0,0
BRDA:196,23,1,0
BRDA:199,24,0,0
BRDA:199,24,1,0
BRDA:217,25,0,4
BRDA:217,25,1,5
BRDA:217,26,0,9
BRDA:217,26,1,4
BRDA:219,27,0,9
BRDA:219,27,1,0
BRDA:219,28,0,9
BRDA:219,28,1,9
BRDA:221,29,0,9
BRDA:221,29,1,23
BRDA:226,30,0,4
BRDA:226,30,1,28
BRDA:243,31,0,21
BRDA:243,31,1,0
BRDA:243,32,0,21
BRDA:243,32,1,21
BRDA:247,33,0,16
BRDA:247,33,1,32
BRDA:247,34,0,48
BRDA:247,34,1,23
BRDA:247,34,2,29
BRDA:247,34,3,18
BRDA:249,35,0,13
BRDA:249,35,1,19
BRDA:267,36,0,93
BRDA:267,36,1,17
BRDA:267,37,0,110
BRDA:267,37,1,110
BRDA:269,38,0,106
BRDA:269,38,1,144
BRDA:269,39,0,250
BRDA:269,39,1,167
BRDA:271,40,0,65
BRDA:271,40,1,41
BRDA:290,41,0,485
BRDA:290,41,1,168
BRDA:290,42,0,653
BRDA:290,42,1,485
BRDA:293,43,0,82
BRDA:293,43,1,571
BRDA:296,44,0,535
BRDA:296,44,1,36
BRDA:296,45,0,571
BRDA:296,45,1,571
BRDA:299,46,0,0
BRDA:299,46,1,878
BRDA:299,47,0,878
BRDA:299,47,1,0
BRDA:302,48,0,86
BRDA:302,48,1,792
BRDA:308,49,0,485
BRDA:308,49,1,307
BRDA:310,50,0,485
BRDA:310,50,1,422
BRDA:327,51,0,26
BRDA:327,51,1,0
BRDA:327,52,0,26
BRDA:327,52,1,26
BRDA:330,53,0,3
BRDA:330,53,1,33
BRDA:331,54,0,2
BRDA:331,54,1,1
BRDA:331,55,0,3
BRDA:331,55,1,2
BRDA:338,56,0,22
BRDA:338,56,1,11
BRDA:338,57,0,33
BRDA:338,57,1,22
BRDA:338,57,2,22
BRDA:338,57,3,11
BRDA:357,58,0,0
BRDA:357,58,1,23
BRDA:357,59,0,23
BRDA:357,59,1,0
BRDA:361,60,0,23
BRDA:361,60,1,0
BRDA:361,61,0,23
BRDA:361,61,1,23
BRDA:366,62,0,22
BRDA:366,62,1,2
BRDA:371,63,0,13
BRDA:371,63,1,9
BRDA:374,64,0,14
BRDA:374,64,1,8
BRDA:381,65,0,23
BRDA:381,65,1,0
BRDA:396,66,0,38
BRDA:396,66,1,5
BRDA:396,67,0,43
BRDA:396,67,1,38
BRDA:399,68,0,38
BRDA:399,68,1,5
BRDA:399,69,0,43
BRDA:399,69,1,43
BRDA:402,70,0,3
BRDA:402,70,1,53
BRDA:402,71,0,56
BRDA:402,71,1,28
BRDA:403,72,0,2
BRDA:403,72,1,1
BRDA:409,73,0,25
BRDA:409,73,1,28
BRDA:426,74,0,40
BRDA:426,74,1,2
BRDA:426,75,0,42
BRDA:426,75,1,40
BRDA:431,76,0,26
BRDA:431,76,1,16
BRDA:433,77,0,24
BRDA:433,77,1,2
BRDA:465,78,0,23
BRDA:465,78,1,2
BRDA:465,79,0,25
BRDA:465,79,1,23
BRDA:469,80,0,275
BRDA:469,80,1,25
BRDA:469,81,0,300
BRDA:469,81,1,275
BRDA:470,82,0,275
BRDA:470,82,1,25
BRDA:470,83,0,300
BRDA:470,83,1,275
BRDA:471,84,0,275
BRDA:471,84,1,25
BRDA:471,85,0,300
BRDA:471,85,1,275
BRDA:473,86,0,275
BRDA:473,86,1,25
BRDA:473,87,0,300
BRDA:473,87,1,300
BRDA:479,88,0,100
BRDA:479,88,1,375
BRDA:480,89,0,0
BRDA:480,89,1,475
BRDA:481,90,0,475
BRDA:481,90,1,0
BRDA:483,91,0,0
BRDA:483,91,1,475
BRDA:483,92,0,475
BRDA:483,92,1,19
BRDA:483,92,2,2
BRDA:493,93,0,275
BRDA:493,93,1,200
BRDA:496,94,0,425
BRDA:496,94,1,50
BRDA:535,95,0,39
BRDA:535,95,1,96
BRDA:547,96,0,16
BRDA:547,96,1,80
BRDA:547,97,0,96
BRDA:547,97,1,16
BRDA:547,97,2,16
BRDA:547,97,3,16
BRDA:548,98,0,64
BRDA:548,98,1,32
BRDA:549,99,0,96
BRDA:549,99,1,96
BRDA:561,100,0,0
BRDA:561,100,1,96
BRDA:561,101,0,96
BRDA:561,101,1,16
BRDA:585,102,0,96
BRDA:585,102,1,0
BRDA:590,103,0,11
BRDA:590,103,1,161
BRDA:590,104,0,172
BRDA:590,104,1,46
BRDA:597,105,0,172
BRDA:597,105,1,32
BRDA:608,106,0,172
BRDA:608,106,1,0
BRDA:612,107,0,172
BRDA:612,107,1,32
BRDA:617,108,0,5
BRDA:617,108,1,0
BRDA:656,109,0,32
BRDA:656,109,1,13
BRDA:656,110,0,45
BRDA:656,110,1,45
BRDA:724,111,0,91
BRDA:724,111,1,17
BRDA:724,112,0,108
BRDA:724,112,1,108
BRDA:726,113,0,103
BRDA:726,113,1,141
BRDA:726,114,0,244
BRDA:726,114,1,164
BRDA:732,115,0,42
BRDA:732,115,1,61
BRDA:732,116,0,103
BRDA:732,116,1,65
BRDA:734,117,0,97
BRDA:734,117,1,6
BRDA:735,118,0,97
BRDA:735,118,1,78
BRDA:772,119,0,37
BRDA:772,119,1,66
BRDA:772,120,0,103
BRDA:772,120,1,65
BRDA:772,120,2,42
BRDA:772,120,3,41
BRDA:777,121,0,31
BRDA:777,121,1,72
BRDA:790,122,0,63
BRDA:790,122,1,40
BRDA:790,123,0,103
BRDA:790,123,1,64
BRDA:811,124,0,60
BRDA:811,124,1,43
BRDA:811,125,0,103
BRDA:811,125,1,64
BRDA:812,126,0,59
BRDA:812,126,1,1
BRDA:847,127,0,8
BRDA:847,127,1,37
BRF:265
BRH:228
end_of_record
TN:
SF:/Users/Swing/github/uxcore-cascade-multi-select/src/locale.js
FN:39,(anonymous_1)
FNF:1
FNH:1
FNDA:348,(anonymous_1)
DA:3,1
DA:6,1
DA:39,1
DA:40,348
DA:41,348
DA:43,0
DA:46,1
LF:7
LH:6
BRDA:40,1,0,348
BRDA:40,1,1,0
BRF:2
BRH:1
end_of_record
TN:
SF:/Users/Swing/github/uxcore-cascade-multi-select/src/utils.js
FN:13,_interopRequireDefault
FN:20,getDisabledValueLabel
FN:29,recursion
FN:33,(anonymous_4)
FN:59,(anonymous_5)
FN:71,getCheckedIndexs
FN:73,recursion
FN:76,(anonymous_8)
FN:90,checkStr
FN:91,(anonymous_10)
FN:96,getCascadeSelected
FN:99,recursion
FN:116,getWidthStyle
FNF:13
FNH:13
FNDA:1,_interopRequireDefault
FNDA:3,getDisabledValueLabel
FNDA:33,recursion
FNDA:57,(anonymous_4)
FNDA:1,(anonymous_5)
FNDA:2,getCheckedIndexs
FNDA:20,recursion
FNDA:35,(anonymous_8)
FNDA:10,checkStr
FNDA:6,(anonymous_10)
FNDA:2,getCascadeSelected
FNDA:3,recursion
FNDA:99,getWidthStyle
DA:3,1
DA:6,1
DA:7,1
DA:9,1
DA:11,1
DA:13,1
DA:20,1
DA:21,3
DA:22,3
DA:29,1
DA:30,33
DA:31,33
DA:33,33
DA:34,57
DA:35,57
DA:36,57
DA:37,57
DA:38,1
DA:39,0
DA:41,1
DA:43,1
DA:45,56
DA:46,1
DA:47,1
DA:48,1
DA:50,0
DA:52,55
DA:53,29
DA:58,3
DA:59,3
DA:60,1
DA:66,3
DA:71,1
DA:72,2
DA:73,1
DA:74,20
DA:76,20
DA:77,35
DA:78,35
DA:79,35
DA:80,1
DA:81,34
DA:82,18
DA:86,2
DA:87,2
DA:90,1
DA:91,10
DA:92,6
DA:96,1
DA:97,2
DA:98,2
DA:99,1
DA:100,3
DA:101,10
DA:102,9
DA:103,9
DA:105,1
DA:106,1
DA:108,1
DA:112,2
DA:113,2
DA:116,1
DA:117,99
DA:118,99
DA:119,31
DA:120,31
DA:121,15
DA:124,84
LF:68
LH:66
BRDA:13,1,0,0
BRDA:13,1,1,1
BRDA:13,2,0,1
BRDA:13,2,1,1
BRDA:30,3,0,30
BRDA:30,3,1,3
BRDA:30,4,0,33
BRDA:30,4,1,30
BRDA:31,5,0,30
BRDA:31,5,1,3
BRDA:31,6,0,33
BRDA:31,6,1,30
BRDA:34,7,0,57
BRDA:34,7,1,54
BRDA:35,8,0,57
BRDA:35,8,1,33
BRDA:37,9,0,1
BRDA:37,9,1,56
BRDA:38,10,0,0
BRDA:38,10,1,1
BRDA:45,11,0,1
BRDA:45,11,1,55
BRDA:45,12,0,56
BRDA:45,12,1,7
BRDA:47,13,0,1
BRDA:47,13,1,0
BRDA:52,14,0,29
BRDA:52,14,1,26
BRDA:74,15,0,18
BRDA:74,15,1,2
BRDA:74,16,0,20
BRDA:74,16,1,18
BRDA:79,17,0,1
BRDA:79,17,1,34
BRDA:81,18,0,18
BRDA:81,18,1,16
BRDA:81,19,0,34
BRDA:81,19,1,20
BRDA:101,20,0,9
BRDA:101,20,1,1
BRDA:105,21,0,1
BRDA:105,21,1,0
BRDA:105,22,0,1
BRDA:105,22,1,1
BRDA:118,23,0,31
BRDA:118,23,1,68
BRDA:120,24,0,15
BRDA:120,24,1,16
BRF:48
BRH:44
end_of_record
TN:
SF:/Users/Swing/github/uxcore-cascade-multi-select/src/index.js
FN:11,_interopRequireDefault
FNF:1
FNH:1
FNDA:1,_interopRequireDefault
DA:3,1
DA:7,1
DA:9,1
DA:11,1
DA:13,1
DA:21,1
LF:6
LH:6
BRDA:11,1,0,0
BRDA:11,1,1,1
BRDA:11,2,0,1
BRDA:11,2,1,1
BRF:4
BRH:3
end_of_record
TN:
SF:/Users/Swing/github/uxcore-cascade-multi-select/src/CascadeMultiSelect.jsx
FN:3,(anonymous_1)
FN:39,_interopRequireDefault
FN:41,_defaults
FN:43,_defineProperty
FN:45,_classCallCheck
FN:47,_possibleConstructorReturn
FN:49,_inherits
FN:58,makeOptionsChecked
FN:63,(anonymous_9)
FN:81,(anonymous_10)
FN:84,CascadeMultiSelect
FN:109,componentWillMount
FN:116,componentDidMount
FN:128,componentWillReceiveProps
FN:139,onOk
FN:161,(anonymous_16)
FN:166,onCancel
FN:178,(anonymous_18)
FN:183,onCleanSelect
FN:199,(anonymous_20)
FN:214,(anonymous_21)
FN:221,onDropDownVisibleChange
FN:232,getInputValue
FN:247,getValueLabel
FN:263,setInputValue
FN:268,setPanelWidth
FN:283,handleSelect
FN:297,(anonymous_28)
FN:303,handleItemClick
FN:309,handleStopPropagation
FN:316,renderInput
FN:347,onChange
FN:353,renderCloseIcon
FN:366,onClick
FN:375,renderContent
FN:413,renderCascadeMultiPanel
FN:430,ref
FN:442,renderFooter
FN:464,render
FN:485,onVisibleChange
FN:507,onSelect
FN:508,onItemClick
FN:514,onOk
FN:515,onCancel
FNF:44
FNH:39
FNDA:27,(anonymous_1)
FNDA:8,_interopRequireDefault
FNDA:1,_defaults
FNDA:237,_defineProperty
FNDA:9,_classCallCheck
FNDA:9,_possibleConstructorReturn
FNDA:1,_inherits
FNDA:22,makeOptionsChecked
FNDA:16,(anonymous_9)
FNDA:1,(anonymous_10)
FNDA:9,CascadeMultiSelect
FNDA:9,componentWillMount
FNDA:9,componentDidMount
FNDA:1,componentWillReceiveProps
FNDA:1,onOk
FNDA:1,(anonymous_16)
FNDA:0,onCancel
FNDA:0,(anonymous_18)
FNDA:1,onCleanSelect
FNDA:0,(anonymous_20)
FNDA:1,(anonymous_21)
FNDA:4,onDropDownVisibleChange
FNDA:28,getInputValue
FNDA:281,getValueLabel
FNDA:10,setInputValue
FNDA:27,setPanelWidth
FNDA:6,handleSelect
FNDA:6,(anonymous_28)
FNDA:4,handleItemClick
FNDA:1,handleStopPropagation
FNDA:31,renderInput
FNDA:0,onChange
FNDA:29,renderCloseIcon
FNDA:1,onClick
FNDA:29,renderContent
FNDA:27,renderCascadeMultiPanel
FNDA:24,ref
FNDA:27,renderFooter
FNDA:31,render
FNDA:4,onVisibleChange
FNDA:7,onSelect
FNDA:4,onItemClick
FNDA:1,onOk
FNDA:0,onCancel
DA:3,756
DA:5,1
DA:7,1
DA:9,1
DA:11,1
DA:13,1
DA:15,1
DA:17,1
DA:19,1
DA:21,1
DA:23,1
DA:25,1
DA:27,1
DA:29,1
DA:31,1
DA:33,1
DA:35,1
DA:37,1
DA:39,8
DA:41,5
DA:43,237
DA:45,9
DA:47,9
DA:49,1
DA:58,1
DA:59,22
DA:60,22
DA:63,22
DA:64,16
DA:66,22
DA:67,38
DA:68,38
DA:69,38
DA:70,2
DA:71,2
DA:73,36
DA:75,38
DA:76,20
DA:81,1
DA:82,1
DA:84,1
DA:85,9
DA:87,9
DA:89,9
DA:98,9
DA:99,9
DA:105,9
DA:106,9
DA:109,1
DA:110,9
DA:111,9
DA:112,9
DA:113,9
DA:116,1
DA:117,9
DA:122,9
DA:123,9
DA:124,9
DA:125,9
DA:128,1
DA:130,1
DA:133,1
DA:134,1
DA:135,1
DA:136,1
DA:139,1
DA:140,1
DA:142,1
DA:143,0
DA:145,1
DA:149,1
DA:150,1
DA:155,1
DA:156,1
DA:157,1
DA:158,1
DA:162,1
DA:166,1
DA:167,0
DA:169,0
DA:174,0
DA:179,0
DA:183,1
DA:184,1
DA:186,1
DA:190,1
DA:191,1
DA:192,1
DA:193,1
DA:194,1
DA:195,1
DA:196,1
DA:197,1
DA:198,1
DA:199,1
DA:200,0
DA:201,0
DA:203,1
DA:204,1
DA:205,1
DA:206,1
DA:208,1
DA:209,1
DA:210,1
DA:215,1
DA:216,1
DA:218,1
DA:221,1
DA:222,4
DA:224,4
DA:225,4
DA:227,4
DA:228,0
DA:232,1
DA:233,28
DA:234,2
DA:235,2
DA:238,26
DA:239,26
DA:240,23
DA:241,29
DA:244,26
DA:247,1
DA:248,281
DA:249,281
DA:250,258
DA:251,441
DA:252,27
DA:254,414
DA:255,252
DA:256,252
DA:260,254
DA:263,1
DA:264,10
DA:265,10
DA:268,1
DA:269,27
DA:271,27
DA:272,27
DA:273,27
DA:274,27
DA:275,27
DA:276,81
DA:278,27
DA:279,27
DA:280,27
DA:283,1
DA:284,6
DA:286,6
DA:288,6
DA:298,6
DA:300,6
DA:303,1
DA:304,4
DA:306,4
DA:309,1
DA:310,1
DA:311,1
DA:312,0
DA:316,1
DA:317,31
DA:319,31
DA:324,31
DA:325,31
DA:327,31
DA:328,2
DA:334,29
DA:353,1
DA:354,29
DA:356,29
DA:358,29
DA:359,2
DA:361,27
DA:367,1
DA:368,1
DA:369,1
DA:375,1
DA:376,29
DA:378,29
DA:381,29
DA:387,29
DA:388,29
DA:413,1
DA:414,27
DA:416,27
DA:419,27
DA:421,27
DA:431,24
DA:442,1
DA:443,27
DA:447,27
DA:464,1
DA:465,31
DA:467,31
DA:472,31
DA:473,2
DA:475,29
DA:476,2
DA:478,27
DA:479,27
DA:486,4
DA:494,1
DA:497,1
DA:524,1
DA:551,1
DA:553,1
DA:554,1
DA:556,1
LF:208
LH:199
BRDA:3,1,0,1
BRDA:3,1,1,1
BRDA:3,2,0,756
BRDA:3,2,1,0
BRDA:39,3,0,0
BRDA:39,3,1,8
BRDA:39,4,0,8
BRDA:39,4,1,8
BRDA:41,5,0,0
BRDA:41,5,1,5
BRDA:41,6,0,5
BRDA:41,6,1,5
BRDA:41,6,2,0
BRDA:43,7,0,0
BRDA:43,7,1,237
BRDA:45,8,0,0
BRDA:45,8,1,9
BRDA:47,9,0,0
BRDA:47,9,1,9
BRDA:47,10,0,0
BRDA:47,10,1,9
BRDA:47,11,0,9
BRDA:47,11,1,0
BRDA:47,11,2,0
BRDA:49,12,0,0
BRDA:49,12,1,1
BRDA:49,13,0,1
BRDA:49,13,1,0
BRDA:49,14,0,1
BRDA:49,14,1,1
BRDA:49,15,0,1
BRDA:49,15,1,0
BRDA:49,16,0,0
BRDA:49,16,1,1
BRDA:59,17,0,22
BRDA:59,17,1,0
BRDA:59,18,0,22
BRDA:59,18,1,22
BRDA:69,19,0,2
BRDA:69,19,1,36
BRDA:75,20,0,20
BRDA:75,20,1,18
BRDA:75,21,0,38
BRDA:75,21,1,22
BRDA:100,22,0,9
BRDA:100,22,1,0
BRDA:125,23,0,9
BRDA:125,23,1,0
BRDA:142,24,0,0
BRDA:142,24,1,1
BRDA:196,25,0,1
BRDA:196,25,1,0
BRDA:224,26,0,4
BRDA:224,26,1,0
BRDA:227,27,0,0
BRDA:227,27,1,4
BRDA:233,28,0,2
BRDA:233,28,1,26
BRDA:239,29,0,23
BRDA:239,29,1,3
BRDA:239,30,0,26
BRDA:239,30,1,26
BRDA:249,31,0,258
BRDA:249,31,1,23
BRDA:249,32,0,281
BRDA:249,32,1,281
BRDA:251,33,0,27
BRDA:251,33,1,414
BRDA:252,34,0,12
BRDA:252,34,1,15
BRDA:252,35,0,27
BRDA:252,35,1,13
BRDA:254,36,0,252
BRDA:254,36,1,162
BRDA:256,37,0,252
BRDA:256,37,1,221
BRDA:311,38,0,0
BRDA:311,38,1,1
BRDA:327,39,0,2
BRDA:327,39,1,29
BRDA:337,40,0,12
BRDA:337,40,1,17
BRDA:340,41,0,12
BRDA:340,41,1,12
BRDA:358,42,0,2
BRDA:358,42,1,27
BRDA:391,43,0,29
BRDA:391,43,1,27
BRDA:391,43,2,27
BRDA:472,44,0,2
BRDA:472,44,1,29
BRDA:475,45,0,2
BRDA:475,45,1,27
BRF:93
BRH:71
end_of_record
